This is XeTeX, Version 3.14159265-2.6-0.99991 (TeX Live 2014/W32TeX) (preloaded format=xelatex 2015.4.30)  25 FEB 2016 10:25
entering extended mode
 restricted \write18 enabled.
 %&-line parsing enabled.
**cut.tex
(./cut.tex
LaTeX2e <2014/05/01>
Babel <3.9l> and hyphenation patterns for 79 languages loaded.
(c:/Program Files (x86)/texlive/2014/texmf-dist/tex/latex/amscls/amsart.cls
Document Class: amsart 2009/07/02 v2.20.1
\linespacing=\dimen102
\normalparindent=\dimen103
\normaltopskip=\skip41
(c:/Program Files (x86)/texlive/2014/texmf-dist/tex/latex/amsmath/amsmath.sty
Package: amsmath 2013/01/14 v2.14 AMS math features
\@mathmargin=\skip42

For additional information on amsmath, use the `?' option.
(c:/Program Files (x86)/texlive/2014/texmf-dist/tex/latex/amsmath/amstext.sty
Package: amstext 2000/06/29 v2.01

(c:/Program Files (x86)/texlive/2014/texmf-dist/tex/latex/amsmath/amsgen.sty
File: amsgen.sty 1999/11/30 v2.0
\@emptytoks=\toks14
\ex@=\dimen104
))
(c:/Program Files (x86)/texlive/2014/texmf-dist/tex/latex/amsmath/amsbsy.sty
Package: amsbsy 1999/11/29 v1.2d
\pmbraise@=\dimen105
)
(c:/Program Files (x86)/texlive/2014/texmf-dist/tex/latex/amsmath/amsopn.sty
Package: amsopn 1999/12/14 v2.01 operator names
)
\inf@bad=\count80
LaTeX Info: Redefining \frac on input line 210.
\uproot@=\count81
\leftroot@=\count82
LaTeX Info: Redefining \overline on input line 306.
\classnum@=\count83
\DOTSCASE@=\count84
LaTeX Info: Redefining \ldots on input line 378.
LaTeX Info: Redefining \dots on input line 381.
LaTeX Info: Redefining \cdots on input line 466.
\Mathstrutbox@=\box26
\strutbox@=\box27
\big@size=\dimen106
LaTeX Font Info:    Redeclaring font encoding OML on input line 566.
LaTeX Font Info:    Redeclaring font encoding OMS on input line 567.
\macc@depth=\count85
\c@MaxMatrixCols=\count86
\dotsspace@=\muskip10
\c@parentequation=\count87
\dspbrk@lvl=\count88
\tag@help=\toks15
\row@=\count89
\column@=\count90
\maxfields@=\count91
\andhelp@=\toks16
\eqnshift@=\dimen107
\alignsep@=\dimen108
\tagshift@=\dimen109
\tagwidth@=\dimen110
\totwidth@=\dimen111
\lineht@=\dimen112
\@envbody=\toks17
\multlinegap=\skip43
\multlinetaggap=\skip44
\mathdisplay@stack=\toks18
LaTeX Info: Redefining \[ on input line 2665.
LaTeX Info: Redefining \] on input line 2666.
)
LaTeX Font Info:    Try loading font information for U+msa on input line 388.

(c:/Program Files (x86)/texlive/2014/texmf-dist/tex/latex/amsfonts/umsa.fd
File: umsa.fd 2013/01/14 v3.01 AMS symbols A
)
(c:/Program Files (x86)/texlive/2014/texmf-dist/tex/latex/amsfonts/amsfonts.sty
Package: amsfonts 2013/01/14 v3.01 Basic AMSFonts support
\symAMSa=\mathgroup4
\symAMSb=\mathgroup5
LaTeX Font Info:    Overwriting math alphabet `\mathfrak' in version `bold'
(Font)                  U/euf/m/n --> U/euf/b/n on input line 106.
)
\copyins=\insert233
\abstractbox=\box28
\listisep=\skip45
\c@part=\count92
\c@section=\count93
\c@subsection=\count94
\c@subsubsection=\count95
\c@paragraph=\count96
\c@subparagraph=\count97
\c@figure=\count98
\c@table=\count99
\abovecaptionskip=\skip46
\belowcaptionskip=\skip47
\captionindent=\dimen113
\thm@style=\toks19
\thm@bodyfont=\toks20
\thm@headfont=\toks21
\thm@notefont=\toks22
\thm@headpunct=\toks23
\thm@preskip=\skip48
\thm@postskip=\skip49
\thm@headsep=\skip50
\dth@everypar=\toks24
)
(c:/Program Files (x86)/texlive/2014/texmf-dist/tex/latex/amsfonts/amssymb.sty
Package: amssymb 2013/01/14 v3.01 AMS font symbols
)
(c:/Program Files (x86)/texlive/2014/texmf-dist/tex/latex/pgf/frontendlayer/tik
z.sty
(c:/Program Files (x86)/texlive/2014/texmf-dist/tex/latex/pgf/basiclayer/pgf.st
y
(c:/Program Files (x86)/texlive/2014/texmf-dist/tex/latex/pgf/utilities/pgfrcs.
sty
(c:/Program Files (x86)/texlive/2014/texmf-dist/tex/generic/pgf/utilities/pgfut
il-common.tex
\pgfutil@everybye=\toks25
\pgfutil@tempdima=\dimen114
\pgfutil@tempdimb=\dimen115

(c:/Program Files (x86)/texlive/2014/texmf-dist/tex/generic/pgf/utilities/pgfut
il-common-lists.tex))
(c:/Program Files (x86)/texlive/2014/texmf-dist/tex/generic/pgf/utilities/pgfut
il-latex.def
\pgfutil@abb=\box29

(c:/Program Files (x86)/texlive/2014/texmf-dist/tex/latex/ms/everyshi.sty
Package: everyshi 2001/05/15 v3.00 EveryShipout Package (MS)
))
(c:/Program Files (x86)/texlive/2014/texmf-dist/tex/generic/pgf/utilities/pgfrc
s.code.tex
Package: pgfrcs 2013/12/20 v3.0.0 (rcs-revision 1.28)
))
Package: pgf 2013/12/18 v3.0.0 (rcs-revision 1.14)

(c:/Program Files (x86)/texlive/2014/texmf-dist/tex/latex/pgf/basiclayer/pgfcor
e.sty
(c:/Program Files (x86)/texlive/2014/texmf-dist/tex/latex/graphics/graphicx.sty
Package: graphicx 2014/10/28 v1.0g Enhanced LaTeX Graphics (DPC,SPQR)
(c:/Program Files (x86)/texlive/2014/texmf-dist/tex/latex/graphics/keyval.sty
Package: keyval 2014/10/28 v1.15 key=value parser (DPC)
\KV@toks@=\toks26
)
(c:/Program Files (x86)/texlive/2014/texmf-dist/tex/latex/graphics/graphics.sty
Package: graphics 2014/10/28 v1.0p Standard LaTeX Graphics (DPC,SPQR)
(c:/Program Files (x86)/texlive/2014/texmf-dist/tex/latex/graphics/trig.sty
Package: trig 1999/03/16 v1.09 sin cos tan (DPC)
)
(c:/Program Files (x86)/texlive/2014/texmf-dist/tex/latex/latexconfig/graphics.
cfg
File: graphics.cfg 2010/04/23 v1.9 graphics configuration of TeX Live
)
Package graphics Info: Driver file: xetex.def on input line 91.

(c:/Program Files (x86)/texlive/2014/texmf-dist/tex/xelatex/xetex-def/xetex.def
File: xetex.def 2015/03/25 v4.04 LaTeX color/graphics driver for XeTeX (TeX Liv
e/RRM/JK)
))
\Gin@req@height=\dimen116
\Gin@req@width=\dimen117
)
(c:/Program Files (x86)/texlive/2014/texmf-dist/tex/latex/pgf/systemlayer/pgfsy
s.sty
(c:/Program Files (x86)/texlive/2014/texmf-dist/tex/generic/pgf/systemlayer/pgf
sys.code.tex
Package: pgfsys 2013/11/30 v3.0.0 (rcs-revision 1.47)

(c:/Program Files (x86)/texlive/2014/texmf-dist/tex/generic/pgf/utilities/pgfke
ys.code.tex
\pgfkeys@pathtoks=\toks27
\pgfkeys@temptoks=\toks28

(c:/Program Files (x86)/texlive/2014/texmf-dist/tex/generic/pgf/utilities/pgfke
ysfiltered.code.tex
\pgfkeys@tmptoks=\toks29
))
\pgf@x=\dimen118
\pgf@y=\dimen119
\pgf@xa=\dimen120
\pgf@ya=\dimen121
\pgf@xb=\dimen122
\pgf@yb=\dimen123
\pgf@xc=\dimen124
\pgf@yc=\dimen125
\w@pgf@writea=\write3
\r@pgf@reada=\read1
\c@pgf@counta=\count100
\c@pgf@countb=\count101
\c@pgf@countc=\count102
\c@pgf@countd=\count103
\t@pgf@toka=\toks30
\t@pgf@tokb=\toks31
\t@pgf@tokc=\toks32

(c:/Program Files (x86)/texlive/2014/texmf-dist/tex/generic/pgf/systemlayer/pgf
.cfg
File: pgf.cfg 2008/05/14  (rcs-revision 1.7)
)
Driver file for pgf: pgfsys-xetex.def

(c:/Program Files (x86)/texlive/2014/texmf-dist/tex/generic/pgf/systemlayer/pgf
sys-xetex.def
File: pgfsys-xetex.def 2013/07/16  (rcs-revision 1.9)

(c:/Program Files (x86)/texlive/2014/texmf-dist/tex/generic/pgf/systemlayer/pgf
sys-dvipdfmx.def
File: pgfsys-dvipdfmx.def 2013/08/28  (rcs-revision 1.12)

(c:/Program Files (x86)/texlive/2014/texmf-dist/tex/generic/pgf/systemlayer/pgf
sys-common-pdf.def
File: pgfsys-common-pdf.def 2013/10/10  (rcs-revision 1.13)
)
\pgfsys@objnum=\count104
)))
(c:/Program Files (x86)/texlive/2014/texmf-dist/tex/generic/pgf/systemlayer/pgf
syssoftpath.code.tex
File: pgfsyssoftpath.code.tex 2013/09/09  (rcs-revision 1.9)
\pgfsyssoftpath@smallbuffer@items=\count105
\pgfsyssoftpath@bigbuffer@items=\count106
)
(c:/Program Files (x86)/texlive/2014/texmf-dist/tex/generic/pgf/systemlayer/pgf
sysprotocol.code.tex
File: pgfsysprotocol.code.tex 2006/10/16  (rcs-revision 1.4)
))
(c:/Program Files (x86)/texlive/2014/texmf-dist/tex/latex/xcolor/xcolor.sty
Package: xcolor 2007/01/21 v2.11 LaTeX color extensions (UK)

(c:/Program Files (x86)/texlive/2014/texmf-dist/tex/latex/latexconfig/color.cfg
File: color.cfg 2007/01/18 v1.5 color configuration of teTeX/TeXLive
)
Package xcolor Info: Driver file: xetex.def on input line 225.
Package xcolor Info: Model `cmy' substituted by `cmy0' on input line 1337.
Package xcolor Info: Model `RGB' extended on input line 1353.
Package xcolor Info: Model `HTML' substituted by `rgb' on input line 1355.
Package xcolor Info: Model `Hsb' substituted by `hsb' on input line 1356.
Package xcolor Info: Model `tHsb' substituted by `hsb' on input line 1357.
Package xcolor Info: Model `HSB' substituted by `hsb' on input line 1358.
Package xcolor Info: Model `Gray' substituted by `gray' on input line 1359.
Package xcolor Info: Model `wave' substituted by `hsb' on input line 1360.
)
(c:/Program Files (x86)/texlive/2014/texmf-dist/tex/generic/pgf/basiclayer/pgfc
ore.code.tex
Package: pgfcore 2010/04/11 v3.0.0 (rcs-revision 1.7)

(c:/Program Files (x86)/texlive/2014/texmf-dist/tex/generic/pgf/math/pgfmath.co
de.tex
(c:/Program Files (x86)/texlive/2014/texmf-dist/tex/generic/pgf/math/pgfmathcal
c.code.tex
(c:/Program Files (x86)/texlive/2014/texmf-dist/tex/generic/pgf/math/pgfmathuti
l.code.tex)
(c:/Program Files (x86)/texlive/2014/texmf-dist/tex/generic/pgf/math/pgfmathpar
ser.code.tex
\pgfmath@dimen=\dimen126
\pgfmath@count=\count107
\pgfmath@box=\box30
\pgfmath@toks=\toks33
\pgfmath@stack@operand=\toks34
\pgfmath@stack@operation=\toks35
)
(c:/Program Files (x86)/texlive/2014/texmf-dist/tex/generic/pgf/math/pgfmathfun
ctions.code.tex
(c:/Program Files (x86)/texlive/2014/texmf-dist/tex/generic/pgf/math/pgfmathfun
ctions.basic.code.tex)
(c:/Program Files (x86)/texlive/2014/texmf-dist/tex/generic/pgf/math/pgfmathfun
ctions.trigonometric.code.tex)
(c:/Program Files (x86)/texlive/2014/texmf-dist/tex/generic/pgf/math/pgfmathfun
ctions.random.code.tex)
(c:/Program Files (x86)/texlive/2014/texmf-dist/tex/generic/pgf/math/pgfmathfun
ctions.comparison.code.tex)
(c:/Program Files (x86)/texlive/2014/texmf-dist/tex/generic/pgf/math/pgfmathfun
ctions.base.code.tex)
(c:/Program Files (x86)/texlive/2014/texmf-dist/tex/generic/pgf/math/pgfmathfun
ctions.round.code.tex)
(c:/Program Files (x86)/texlive/2014/texmf-dist/tex/generic/pgf/math/pgfmathfun
ctions.misc.code.tex)
(c:/Program Files (x86)/texlive/2014/texmf-dist/tex/generic/pgf/math/pgfmathfun
ctions.integerarithmetics.code.tex)))
(c:/Program Files (x86)/texlive/2014/texmf-dist/tex/generic/pgf/math/pgfmathflo
at.code.tex
\c@pgfmathroundto@lastzeros=\count108
))
(c:/Program Files (x86)/texlive/2014/texmf-dist/tex/generic/pgf/basiclayer/pgfc
orepoints.code.tex
File: pgfcorepoints.code.tex 2013/10/07  (rcs-revision 1.27)
\pgf@picminx=\dimen127
\pgf@picmaxx=\dimen128
\pgf@picminy=\dimen129
\pgf@picmaxy=\dimen130
\pgf@pathminx=\dimen131
\pgf@pathmaxx=\dimen132
\pgf@pathminy=\dimen133
\pgf@pathmaxy=\dimen134
\pgf@xx=\dimen135
\pgf@xy=\dimen136
\pgf@yx=\dimen137
\pgf@yy=\dimen138
\pgf@zx=\dimen139
\pgf@zy=\dimen140
)
(c:/Program Files (x86)/texlive/2014/texmf-dist/tex/generic/pgf/basiclayer/pgfc
orepathconstruct.code.tex
File: pgfcorepathconstruct.code.tex 2013/10/07  (rcs-revision 1.29)
\pgf@path@lastx=\dimen141
\pgf@path@lasty=\dimen142
)
(c:/Program Files (x86)/texlive/2014/texmf-dist/tex/generic/pgf/basiclayer/pgfc
orepathusage.code.tex
File: pgfcorepathusage.code.tex 2013/12/13  (rcs-revision 1.23)
\pgf@shorten@end@additional=\dimen143
\pgf@shorten@start@additional=\dimen144
)
(c:/Program Files (x86)/texlive/2014/texmf-dist/tex/generic/pgf/basiclayer/pgfc
orescopes.code.tex
File: pgfcorescopes.code.tex 2013/10/09  (rcs-revision 1.44)
\pgfpic=\box31
\pgf@hbox=\box32
\pgf@layerbox@main=\box33
\pgf@picture@serial@count=\count109
)
(c:/Program Files (x86)/texlive/2014/texmf-dist/tex/generic/pgf/basiclayer/pgfc
oregraphicstate.code.tex
File: pgfcoregraphicstate.code.tex 2013/09/19  (rcs-revision 1.11)
\pgflinewidth=\dimen145
)
(c:/Program Files (x86)/texlive/2014/texmf-dist/tex/generic/pgf/basiclayer/pgfc
oretransformations.code.tex
File: pgfcoretransformations.code.tex 2013/10/10  (rcs-revision 1.17)
\pgf@pt@x=\dimen146
\pgf@pt@y=\dimen147
\pgf@pt@temp=\dimen148
)
(c:/Program Files (x86)/texlive/2014/texmf-dist/tex/generic/pgf/basiclayer/pgfc
orequick.code.tex
File: pgfcorequick.code.tex 2008/10/09  (rcs-revision 1.3)
)
(c:/Program Files (x86)/texlive/2014/texmf-dist/tex/generic/pgf/basiclayer/pgfc
oreobjects.code.tex
File: pgfcoreobjects.code.tex 2006/10/11  (rcs-revision 1.2)
)
(c:/Program Files (x86)/texlive/2014/texmf-dist/tex/generic/pgf/basiclayer/pgfc
orepathprocessing.code.tex
File: pgfcorepathprocessing.code.tex 2013/09/09  (rcs-revision 1.9)
)
(c:/Program Files (x86)/texlive/2014/texmf-dist/tex/generic/pgf/basiclayer/pgfc
orearrows.code.tex
File: pgfcorearrows.code.tex 2013/11/07  (rcs-revision 1.40)
\pgfarrowsep=\dimen149
)
(c:/Program Files (x86)/texlive/2014/texmf-dist/tex/generic/pgf/basiclayer/pgfc
oreshade.code.tex
File: pgfcoreshade.code.tex 2013/07/15  (rcs-revision 1.15)
\pgf@max=\dimen150
\pgf@sys@shading@range@num=\count110
)
(c:/Program Files (x86)/texlive/2014/texmf-dist/tex/generic/pgf/basiclayer/pgfc
oreimage.code.tex
File: pgfcoreimage.code.tex 2013/07/15  (rcs-revision 1.18)

(c:/Program Files (x86)/texlive/2014/texmf-dist/tex/generic/pgf/basiclayer/pgfc
oreexternal.code.tex
File: pgfcoreexternal.code.tex 2013/07/15  (rcs-revision 1.20)
\pgfexternal@startupbox=\box34
))
(c:/Program Files (x86)/texlive/2014/texmf-dist/tex/generic/pgf/basiclayer/pgfc
orelayers.code.tex
File: pgfcorelayers.code.tex 2013/07/18  (rcs-revision 1.7)
)
(c:/Program Files (x86)/texlive/2014/texmf-dist/tex/generic/pgf/basiclayer/pgfc
oretransparency.code.tex
File: pgfcoretransparency.code.tex 2013/09/30  (rcs-revision 1.5)
)
(c:/Program Files (x86)/texlive/2014/texmf-dist/tex/generic/pgf/basiclayer/pgfc
orepatterns.code.tex
File: pgfcorepatterns.code.tex 2013/11/07  (rcs-revision 1.5)
)))
(c:/Program Files (x86)/texlive/2014/texmf-dist/tex/generic/pgf/modules/pgfmodu
leshapes.code.tex
File: pgfmoduleshapes.code.tex 2013/10/31  (rcs-revision 1.34)
\pgfnodeparttextbox=\box35
)
(c:/Program Files (x86)/texlive/2014/texmf-dist/tex/generic/pgf/modules/pgfmodu
leplot.code.tex
File: pgfmoduleplot.code.tex 2013/07/31  (rcs-revision 1.12)
)
(c:/Program Files (x86)/texlive/2014/texmf-dist/tex/latex/pgf/compatibility/pgf
comp-version-0-65.sty
Package: pgfcomp-version-0-65 2007/07/03 v3.0.0 (rcs-revision 1.7)
\pgf@nodesepstart=\dimen151
\pgf@nodesepend=\dimen152
)
(c:/Program Files (x86)/texlive/2014/texmf-dist/tex/latex/pgf/compatibility/pgf
comp-version-1-18.sty
Package: pgfcomp-version-1-18 2007/07/23 v3.0.0 (rcs-revision 1.1)
))
(c:/Program Files (x86)/texlive/2014/texmf-dist/tex/latex/pgf/utilities/pgffor.
sty
(c:/Program Files (x86)/texlive/2014/texmf-dist/tex/latex/pgf/utilities/pgfkeys
.sty
(c:/Program Files (x86)/texlive/2014/texmf-dist/tex/generic/pgf/utilities/pgfke
ys.code.tex))
(c:/Program Files (x86)/texlive/2014/texmf-dist/tex/latex/pgf/math/pgfmath.sty
(c:/Program Files (x86)/texlive/2014/texmf-dist/tex/generic/pgf/math/pgfmath.co
de.tex))
(c:/Program Files (x86)/texlive/2014/texmf-dist/tex/generic/pgf/utilities/pgffo
r.code.tex
Package: pgffor 2013/12/13 v3.0.0 (rcs-revision 1.25)

(c:/Program Files (x86)/texlive/2014/texmf-dist/tex/generic/pgf/math/pgfmath.co
de.tex)
\pgffor@iter=\dimen153
\pgffor@skip=\dimen154
\pgffor@stack=\toks36
\pgffor@toks=\toks37
))
(c:/Program Files (x86)/texlive/2014/texmf-dist/tex/generic/pgf/frontendlayer/t
ikz/tikz.code.tex
Package: tikz 2013/12/13 v3.0.0 (rcs-revision 1.142)

(c:/Program Files (x86)/texlive/2014/texmf-dist/tex/generic/pgf/libraries/pgfli
braryplothandlers.code.tex
File: pgflibraryplothandlers.code.tex 2013/08/31 v3.0.0 (rcs-revision 1.20)
\pgf@plot@mark@count=\count111
\pgfplotmarksize=\dimen155
)
\tikz@lastx=\dimen156
\tikz@lasty=\dimen157
\tikz@lastxsaved=\dimen158
\tikz@lastysaved=\dimen159
\tikzleveldistance=\dimen160
\tikzsiblingdistance=\dimen161
\tikz@figbox=\box36
\tikz@figbox@bg=\box37
\tikz@tempbox=\box38
\tikz@tempbox@bg=\box39
\tikztreelevel=\count112
\tikznumberofchildren=\count113
\tikznumberofcurrentchild=\count114
\tikz@fig@count=\count115

(c:/Program Files (x86)/texlive/2014/texmf-dist/tex/generic/pgf/modules/pgfmodu
lematrix.code.tex
File: pgfmodulematrix.code.tex 2013/09/17  (rcs-revision 1.8)
\pgfmatrixcurrentrow=\count116
\pgfmatrixcurrentcolumn=\count117
\pgf@matrix@numberofcolumns=\count118
)
\tikz@expandcount=\count119

(c:/Program Files (x86)/texlive/2014/texmf-dist/tex/generic/pgf/frontendlayer/t
ikz/libraries/tikzlibrarytopaths.code.tex
File: tikzlibrarytopaths.code.tex 2008/06/17 v3.0.0 (rcs-revision 1.2)
)))
(c:/Program Files (x86)/texlive/2014/texmf-dist/tex/latex/caption/caption.sty
Package: caption 2013/05/02 v3.3-89 Customizing captions (AR)

(c:/Program Files (x86)/texlive/2014/texmf-dist/tex/latex/caption/caption3.sty
Package: caption3 2013/05/02 v1.6-88 caption3 kernel (AR)
Package caption3 Info: TeX engine: e-TeX on input line 57.
\captionmargin=\dimen162
\captionmargin@=\dimen163
\captionwidth=\dimen164
\caption@tempdima=\dimen165
\caption@indent=\dimen166
\caption@parindent=\dimen167
\caption@hangindent=\dimen168
)
Package caption Info: AMS or SMF document class.
\c@ContinuedFloat=\count120
)
\c@theorem=\count121
 (./cut.aux)
\openout1 = `cut.aux'.

LaTeX Font Info:    Checking defaults for OML/cmm/m/it on input line 21.
LaTeX Font Info:    ... okay on input line 21.
LaTeX Font Info:    Checking defaults for T1/cmr/m/n on input line 21.
LaTeX Font Info:    ... okay on input line 21.
LaTeX Font Info:    Checking defaults for OT1/cmr/m/n on input line 21.
LaTeX Font Info:    ... okay on input line 21.
LaTeX Font Info:    Checking defaults for OMS/cmsy/m/n on input line 21.
LaTeX Font Info:    ... okay on input line 21.
LaTeX Font Info:    Checking defaults for OMX/cmex/m/n on input line 21.
LaTeX Font Info:    ... okay on input line 21.
LaTeX Font Info:    Checking defaults for U/cmr/m/n on input line 21.
LaTeX Font Info:    ... okay on input line 21.
LaTeX Font Info:    Try loading font information for U+msa on input line 21.

(c:/Program Files (x86)/texlive/2014/texmf-dist/tex/latex/amsfonts/umsa.fd
File: umsa.fd 2013/01/14 v3.01 AMS symbols A
)
LaTeX Font Info:    Try loading font information for U+msb on input line 21.

(c:/Program Files (x86)/texlive/2014/texmf-dist/tex/latex/amsfonts/umsb.fd
File: umsb.fd 2013/01/14 v3.01 AMS symbols B
)
ABD: EveryShipout initializing macros
Package caption Info: Begin \AtBeginDocument code.
Package caption Info: End \AtBeginDocument code.
 [1] [2] [3] [4] [5]
Overfull \hbox (7.01906pt too wide) in paragraph at lines 387--389
[]\OT1/cmr/bx/n/10 Definition. []\OT1/cmr/m/n/10 Let $\OML/cmm/m/it/10 ^^M$ \OT
1/cmr/m/n/10 be a piece-wise $\OML/cmm/m/it/10 C[]$ \OT1/cmr/m/n/10 sim-ple clo
sed curve in $\U/msb/m/n/10 R[]$ \OT1/cmr/m/n/10 that has a parametriza-
 []

[6]

Package amsfonts Warning: Obsolete command \bold; \mathbf should be used instea
d on input line 407.

[7] [8] [9] [10]
Overfull \hbox (43.27582pt too wide) in paragraph at lines 824--826
\OT1/cmr/m/n/10 (\OML/cmm/m/it/10 ^^Z[];  []\OT1/cmr/m/n/10 )\OML/cmm/m/it/10 ;
 \OT1/cmr/m/n/10 (\OML/cmm/m/it/10 ^^Z[];  []\OT1/cmr/m/n/10 )$ on po-lar co-or
-di-nates such that $\OML/cmm/m/it/10 u\OT1/cmr/m/n/10 (\OML/cmm/m/it/10 ^^Z[] 
[]  []; ^^Z[] []  []\OT1/cmr/m/n/10 ) = \OML/cmm/m/it/10 u\OT1/cmr/m/n/10 (\OML
/cmm/m/it/10 ^^Z[] []  []; ^^Z[] []  []\OT1/cmr/m/n/10 )$.
 []

[11] [12]
Overfull \hbox (25.59875pt too wide) in paragraph at lines 978--982
[]\OT1/cmr/m/n/10 Let $\OML/cmm/m/it/10 S$ \OT1/cmr/m/n/10 be the plane $\OML/c
mm/m/it/10 z \OT1/cmr/m/n/10 = 0$ in the cylin-dri-cal co-or-di-nate sys-tem. A
 point $\OML/cmm/m/it/10 u\OT1/cmr/m/n/10 (\OML/cmm/m/it/10 ^^Z []  ; ^^Z []  \
OT1/cmr/m/n/10 )$
 []

[13] (./cut.bbl) [14] (./cut.aux) ) 
Here is how much of TeX's memory you used:
 13057 strings out of 493724
 257803 string characters out of 6141171
 303155 words of memory out of 5000000
 16016 multiletter control sequences out of 15000+600000
 12999 words of font info for 50 fonts, out of 8000000 for 9000
 1489 hyphenation exceptions out of 8191
 55i,19n,54p,395b,808s stack positions out of 5000i,500n,10000p,200000b,80000s

Output written on cut.pdf (14 pages).
